c:\users\student\desktop\piraner\prinny\piraner\debug\firstdirectx001.pch
c:\users\student\desktop\piraner\prinny\piraner\debug\vc140.pdb
c:\users\student\desktop\piraner\prinny\piraner\debug\vc140.idb
c:\users\student\desktop\piraner\prinny\piraner\debug\precompile.obj
c:\users\student\desktop\piraner\prinny\piraner\debug\object2d.obj
c:\users\student\desktop\piraner\prinny\piraner\debug\object3d.obj
c:\users\student\desktop\piraner\prinny\piraner\debug\objectbillboard.obj
c:\users\student\desktop\piraner\prinny\piraner\debug\objectmesh.obj
c:\users\student\desktop\piraner\prinny\piraner\debug\objectx.obj
c:\users\student\desktop\piraner\prinny\piraner\debug\particle.obj
c:\users\student\desktop\piraner\prinny\piraner\debug\pause.obj
c:\users\student\desktop\piraner\prinny\piraner\debug\player.obj
c:\users\student\desktop\piraner\prinny\piraner\debug\pressenter.obj
c:\users\student\desktop\piraner\prinny\piraner\debug\rankin.obj
c:\users\student\desktop\piraner\prinny\piraner\debug\ranking.obj
c:\users\student\desktop\piraner\prinny\piraner\debug\renderer.obj
c:\users\student\desktop\piraner\prinny\piraner\debug\result.obj
c:\users\student\desktop\piraner\prinny\piraner\debug\shadow.obj
c:\users\student\desktop\piraner\prinny\piraner\debug\sound.obj
c:\users\student\desktop\piraner\prinny\piraner\debug\texture.obj
c:\users\student\desktop\piraner\prinny\piraner\debug\time.obj
c:\users\student\desktop\piraner\prinny\piraner\debug\title.obj
c:\users\student\desktop\piraner\prinny\piraner\debug\tutorial.obj
c:\users\student\desktop\piraner\prinny\piraner\debug\xfile.obj
c:\users\student\desktop\piraner\prinny\piraner\debug\camera.obj
c:\users\student\desktop\piraner\prinny\piraner\debug\clear.obj
c:\users\student\desktop\piraner\prinny\piraner\debug\debugproc.obj
c:\users\student\desktop\piraner\prinny\piraner\debug\effect.obj
c:\users\student\desktop\piraner\prinny\piraner\debug\enemy.obj
c:\users\student\desktop\piraner\prinny\piraner\debug\fade.obj
c:\users\student\desktop\piraner\prinny\piraner\debug\fileload.obj
c:\users\student\desktop\piraner\prinny\piraner\debug\game.obj
c:\users\student\desktop\piraner\prinny\piraner\debug\gamebg.obj
c:\users\student\desktop\piraner\prinny\piraner\debug\input.obj
c:\users\student\desktop\piraner\prinny\piraner\debug\light.obj
c:\users\student\desktop\piraner\prinny\piraner\debug\logo.obj
c:\users\student\desktop\piraner\prinny\piraner\debug\main.obj
c:\users\student\desktop\piraner\prinny\piraner\debug\manager.obj
c:\users\student\desktop\piraner\prinny\piraner\debug\meshfield.obj
c:\users\student\desktop\piraner\prinny\piraner\debug\meshwall.obj
c:\users\student\desktop\piraner\prinny\piraner\debug\model.obj
c:\users\student\desktop\piraner\prinny\piraner\debug\motion.obj
c:\users\student\desktop\piraner\prinny\piraner\debug\number.obj
c:\users\student\desktop\piraner\prinny\piraner\debug\object.obj
c:\users\student\desktop\piraner\prinny\piraner\debug\bg.obj
c:\users\student\desktop\piraner\prinny\piraner\debug\boss.obj
c:\users\student\desktop\piraner\prinny\piraner\debug\bossbattle.obj
c:\users\student\desktop\piraner\prinny\piraner\debug\bullet.obj
c:\users\student\desktop\magnet\manipulatemagnatism\manipulatemagnatism\debug\firstdirectx001.pch
c:\users\student\desktop\magnet\manipulatemagnatism\manipulatemagnatism\debug\vc142.pdb
c:\users\student\desktop\magnet\manipulatemagnatism\manipulatemagnatism\debug\vc142.idb
c:\users\student\desktop\magnet\manipulatemagnatism\manipulatemagnatism\debug\precompile.obj
c:\users\student\desktop\magnet\manipulatemagnatism\manipulatemagnatism\debug\meshfield.obj
c:\users\student\desktop\magnet\manipulatemagnatism\manipulatemagnatism\debug\manager.obj
c:\users\student\desktop\magnet\manipulatemagnatism\manipulatemagnatism\debug\main.obj
c:\users\student\desktop\magnet\manipulatemagnatism\manipulatemagnatism\debug\magnet.obj
c:\users\student\desktop\magnet\manipulatemagnatism\manipulatemagnatism\debug\logo.obj
c:\users\student\desktop\magnet\manipulatemagnatism\manipulatemagnatism\debug\light.obj
c:\users\student\desktop\magnet\manipulatemagnatism\manipulatemagnatism\debug\input.obj
c:\users\student\desktop\magnet\manipulatemagnatism\manipulatemagnatism\debug\gamebg.obj
c:\users\student\desktop\magnet\manipulatemagnatism\manipulatemagnatism\debug\game.obj
c:\users\student\desktop\magnet\manipulatemagnatism\manipulatemagnatism\debug\fileload.obj
c:\users\student\desktop\magnet\manipulatemagnatism\manipulatemagnatism\debug\fade.obj
c:\users\student\desktop\magnet\manipulatemagnatism\manipulatemagnatism\debug\enemy.obj
c:\users\student\desktop\magnet\manipulatemagnatism\manipulatemagnatism\debug\effect.obj
c:\users\student\desktop\magnet\manipulatemagnatism\manipulatemagnatism\debug\debugproc.obj
c:\users\student\desktop\magnet\manipulatemagnatism\manipulatemagnatism\debug\clear.obj
c:\users\student\desktop\magnet\manipulatemagnatism\manipulatemagnatism\debug\camera.obj
c:\users\student\desktop\magnet\manipulatemagnatism\manipulatemagnatism\debug\bullet.obj
c:\users\student\desktop\magnet\manipulatemagnatism\manipulatemagnatism\debug\bossbattle.obj
c:\users\student\desktop\magnet\manipulatemagnatism\manipulatemagnatism\debug\boss.obj
c:\users\student\desktop\magnet\manipulatemagnatism\manipulatemagnatism\debug\bg.obj
c:\users\student\desktop\magnet\manipulatemagnatism\manipulatemagnatism\debug\sound.obj
c:\users\student\desktop\magnet\manipulatemagnatism\manipulatemagnatism\debug\shadow.obj
c:\users\student\desktop\magnet\manipulatemagnatism\manipulatemagnatism\debug\result.obj
c:\users\student\desktop\magnet\manipulatemagnatism\manipulatemagnatism\debug\renderer.obj
c:\users\student\desktop\magnet\manipulatemagnatism\manipulatemagnatism\debug\ranking.obj
c:\users\student\desktop\magnet\manipulatemagnatism\manipulatemagnatism\debug\rankin.obj
c:\users\student\desktop\magnet\manipulatemagnatism\manipulatemagnatism\debug\pressenter.obj
c:\users\student\desktop\magnet\manipulatemagnatism\manipulatemagnatism\debug\player.obj
c:\users\student\desktop\magnet\manipulatemagnatism\manipulatemagnatism\debug\pause.obj
c:\users\student\desktop\magnet\manipulatemagnatism\manipulatemagnatism\debug\particle.obj
c:\users\student\desktop\magnet\manipulatemagnatism\manipulatemagnatism\debug\objectx.obj
c:\users\student\desktop\magnet\manipulatemagnatism\manipulatemagnatism\debug\objectmesh.obj
c:\users\student\desktop\magnet\manipulatemagnatism\manipulatemagnatism\debug\objectbillboard.obj
c:\users\student\desktop\magnet\manipulatemagnatism\manipulatemagnatism\debug\object3d.obj
c:\users\student\desktop\magnet\manipulatemagnatism\manipulatemagnatism\debug\object2d.obj
c:\users\student\desktop\magnet\manipulatemagnatism\manipulatemagnatism\debug\object.obj
c:\users\student\desktop\magnet\manipulatemagnatism\manipulatemagnatism\debug\number.obj
c:\users\student\desktop\magnet\manipulatemagnatism\manipulatemagnatism\debug\motion.obj
c:\users\student\desktop\magnet\manipulatemagnatism\manipulatemagnatism\debug\model.obj
c:\users\student\desktop\magnet\manipulatemagnatism\manipulatemagnatism\debug\meshwall.obj
c:\users\student\desktop\magnet\manipulatemagnatism\manipulatemagnatism\debug\xfile.obj
c:\users\student\desktop\magnet\manipulatemagnatism\manipulatemagnatism\debug\tutorial.obj
c:\users\student\desktop\magnet\manipulatemagnatism\manipulatemagnatism\debug\title.obj
c:\users\student\desktop\magnet\manipulatemagnatism\manipulatemagnatism\debug\time.obj
c:\users\student\desktop\magnet\manipulatemagnatism\manipulatemagnatism\debug\texture.obj
c:\users\student\desktop\magnet\manipulatemagnatism\manipulatemagnatism\debug\item.obj
c:\users\student\desktop\magnet\manipulatemagnatism\manipulatemagnatism\debug\select.obj
c:\users\student\desktop\piraner\prinny\piraner\debug\firstdirectx001.ilk
c:\users\student\desktop\piraner\prinny\piraner\debug\firstdirectx001.exe
c:\users\student\desktop\piraner\prinny\piraner\debug\firstdirectx001.pdb
c:\users\student\desktop\magnet\manipulatemagnatism\manipulatemagnatism\debug\firstdirectx001.exe
c:\users\student\desktop\magnet\manipulatemagnatism\manipulatemagnatism\debug\firstdirectx001.ilk
c:\users\student\desktop\magnet\manipulatemagnatism\manipulatemagnatism\debug\firstdirectx001.pdb
c:\users\student\desktop\magnet\manipulatemagnatism\manipulatemagnatism\debug\vc140.idb
c:\users\student\desktop\magnet\manipulatemagnatism\manipulatemagnatism\debug\vc140.pdb
c:\users\student\desktop\magnet\manipulatemagnatism\manipulatemagnatism\debug\firstdirectx001.tlog\cl.command.1.tlog
c:\users\student\desktop\magnet\manipulatemagnatism\manipulatemagnatism\debug\firstdirectx001.tlog\cl.read.1.tlog
c:\users\student\desktop\magnet\manipulatemagnatism\manipulatemagnatism\debug\firstdirectx001.tlog\cl.write.1.tlog
c:\users\student\desktop\magnet\manipulatemagnatism\manipulatemagnatism\debug\firstdirectx001.tlog\link.command.1.tlog
c:\users\student\desktop\magnet\manipulatemagnatism\manipulatemagnatism\debug\firstdirectx001.tlog\link.read.1.tlog
c:\users\student\desktop\magnet\manipulatemagnatism\manipulatemagnatism\debug\firstdirectx001.tlog\link.write.1.tlog
