c:\users\student\desktop\piraner\prinny\piraner\release\vc140.pdb
c:\users\student\desktop\piraner\prinny\piraner\release\object3d.obj
c:\users\student\desktop\piraner\prinny\piraner\release\object2d.obj
c:\users\student\desktop\piraner\prinny\piraner\release\object.obj
c:\users\student\desktop\piraner\prinny\piraner\release\number.obj
c:\users\student\desktop\piraner\prinny\piraner\release\motion.obj
c:\users\student\desktop\piraner\prinny\piraner\release\model.obj
c:\users\student\desktop\piraner\prinny\piraner\release\meshwall.obj
c:\users\student\desktop\piraner\prinny\piraner\release\meshfield.obj
c:\users\student\desktop\piraner\prinny\piraner\release\manager.obj
c:\users\student\desktop\piraner\prinny\piraner\release\main.obj
c:\users\student\desktop\piraner\prinny\piraner\release\light.obj
c:\users\student\desktop\piraner\prinny\piraner\release\input.obj
c:\users\student\desktop\piraner\prinny\piraner\release\game.obj
c:\users\student\desktop\piraner\prinny\piraner\release\fileload.obj
c:\users\student\desktop\piraner\prinny\piraner\release\fade.obj
c:\users\student\desktop\piraner\prinny\piraner\release\enemy.obj
c:\users\student\desktop\piraner\prinny\piraner\release\effect.obj
c:\users\student\desktop\piraner\prinny\piraner\release\debugproc.obj
c:\users\student\desktop\piraner\prinny\piraner\release\camera.obj
c:\users\student\desktop\piraner\prinny\piraner\release\bg.obj
c:\users\student\desktop\piraner\prinny\piraner\release\xfile.obj
c:\users\student\desktop\piraner\prinny\piraner\release\tutorial.obj
c:\users\student\desktop\piraner\prinny\piraner\release\title.obj
c:\users\student\desktop\piraner\prinny\piraner\release\texture.obj
c:\users\student\desktop\piraner\prinny\piraner\release\sound.obj
c:\users\student\desktop\piraner\prinny\piraner\release\shadow.obj
c:\users\student\desktop\piraner\prinny\piraner\release\result.obj
c:\users\student\desktop\piraner\prinny\piraner\release\renderer.obj
c:\users\student\desktop\piraner\prinny\piraner\release\player.obj
c:\users\student\desktop\piraner\prinny\piraner\release\pause.obj
c:\users\student\desktop\piraner\prinny\piraner\release\particle.obj
c:\users\student\desktop\piraner\prinny\piraner\release\objectx.obj
c:\users\student\desktop\piraner\prinny\piraner\release\objectmesh.obj
c:\users\student\desktop\piraner\prinny\piraner\release\objectbillboard.obj
c:\users\student\desktop\piraner\prinny\piraner\release\bullet.obj
c:\users\student\desktop\piraner\prinny\piraner\release\logo.obj
c:\users\student\desktop\piraner\prinny\piraner\release\gamebg.obj
c:\users\student\desktop\piraner\prinny\piraner\release\clear.obj
c:\users\student\desktop\piraner\prinny\piraner\release\bossbattle.obj
c:\users\student\desktop\piraner\prinny\piraner\release\boss.obj
c:\users\student\desktop\piraner\prinny\piraner\release\time.obj
c:\users\student\desktop\piraner\prinny\piraner\release\pressenter.obj
c:\users\student\desktop\piraner\prinny\piraner\release\firstdirectx001.pch
c:\users\student\desktop\piraner\prinny\piraner\release\precompile.obj
c:\users\student\desktop\piraner\prinny\piraner\release\ranking.obj
c:\users\student\desktop\piraner\prinny\piraner\release\rankin.obj
c:\users\student\desktop\magnet\manipulatemagnatism\manipulatemagnatism\release\firstdirectx001.pch
c:\users\student\desktop\magnet\manipulatemagnatism\manipulatemagnatism\release\vc142.pdb
c:\users\student\desktop\magnet\manipulatemagnatism\manipulatemagnatism\release\precompile.obj
c:\users\student\desktop\magnet\manipulatemagnatism\manipulatemagnatism\release\meshfield.obj
c:\users\student\desktop\magnet\manipulatemagnatism\manipulatemagnatism\release\manager.obj
c:\users\student\desktop\magnet\manipulatemagnatism\manipulatemagnatism\release\main.obj
c:\users\student\desktop\magnet\manipulatemagnatism\manipulatemagnatism\release\magnet.obj
c:\users\student\desktop\magnet\manipulatemagnatism\manipulatemagnatism\release\logo.obj
c:\users\student\desktop\magnet\manipulatemagnatism\manipulatemagnatism\release\light.obj
c:\users\student\desktop\magnet\manipulatemagnatism\manipulatemagnatism\release\input.obj
c:\users\student\desktop\magnet\manipulatemagnatism\manipulatemagnatism\release\gamebg.obj
c:\users\student\desktop\magnet\manipulatemagnatism\manipulatemagnatism\release\game.obj
c:\users\student\desktop\magnet\manipulatemagnatism\manipulatemagnatism\release\fileload.obj
c:\users\student\desktop\magnet\manipulatemagnatism\manipulatemagnatism\release\fade.obj
c:\users\student\desktop\magnet\manipulatemagnatism\manipulatemagnatism\release\enemy.obj
c:\users\student\desktop\magnet\manipulatemagnatism\manipulatemagnatism\release\effect.obj
c:\users\student\desktop\magnet\manipulatemagnatism\manipulatemagnatism\release\debugproc.obj
c:\users\student\desktop\magnet\manipulatemagnatism\manipulatemagnatism\release\clear.obj
c:\users\student\desktop\magnet\manipulatemagnatism\manipulatemagnatism\release\camera.obj
c:\users\student\desktop\magnet\manipulatemagnatism\manipulatemagnatism\release\bullet.obj
c:\users\student\desktop\magnet\manipulatemagnatism\manipulatemagnatism\release\bossbattle.obj
c:\users\student\desktop\magnet\manipulatemagnatism\manipulatemagnatism\release\boss.obj
c:\users\student\desktop\magnet\manipulatemagnatism\manipulatemagnatism\release\bg.obj
c:\users\student\desktop\magnet\manipulatemagnatism\manipulatemagnatism\release\sound.obj
c:\users\student\desktop\magnet\manipulatemagnatism\manipulatemagnatism\release\shadow.obj
c:\users\student\desktop\magnet\manipulatemagnatism\manipulatemagnatism\release\result.obj
c:\users\student\desktop\magnet\manipulatemagnatism\manipulatemagnatism\release\renderer.obj
c:\users\student\desktop\magnet\manipulatemagnatism\manipulatemagnatism\release\ranking.obj
c:\users\student\desktop\magnet\manipulatemagnatism\manipulatemagnatism\release\rankin.obj
c:\users\student\desktop\magnet\manipulatemagnatism\manipulatemagnatism\release\pressenter.obj
c:\users\student\desktop\magnet\manipulatemagnatism\manipulatemagnatism\release\player.obj
c:\users\student\desktop\magnet\manipulatemagnatism\manipulatemagnatism\release\pause.obj
c:\users\student\desktop\magnet\manipulatemagnatism\manipulatemagnatism\release\particle.obj
c:\users\student\desktop\magnet\manipulatemagnatism\manipulatemagnatism\release\objectx.obj
c:\users\student\desktop\magnet\manipulatemagnatism\manipulatemagnatism\release\objectmesh.obj
c:\users\student\desktop\magnet\manipulatemagnatism\manipulatemagnatism\release\objectbillboard.obj
c:\users\student\desktop\magnet\manipulatemagnatism\manipulatemagnatism\release\object3d.obj
c:\users\student\desktop\magnet\manipulatemagnatism\manipulatemagnatism\release\object2d.obj
c:\users\student\desktop\magnet\manipulatemagnatism\manipulatemagnatism\release\object.obj
c:\users\student\desktop\magnet\manipulatemagnatism\manipulatemagnatism\release\number.obj
c:\users\student\desktop\magnet\manipulatemagnatism\manipulatemagnatism\release\motion.obj
c:\users\student\desktop\magnet\manipulatemagnatism\manipulatemagnatism\release\model.obj
c:\users\student\desktop\magnet\manipulatemagnatism\manipulatemagnatism\release\meshwall.obj
c:\users\student\desktop\magnet\manipulatemagnatism\manipulatemagnatism\release\xfile.obj
c:\users\student\desktop\magnet\manipulatemagnatism\manipulatemagnatism\release\tutorial.obj
c:\users\student\desktop\magnet\manipulatemagnatism\manipulatemagnatism\release\title.obj
c:\users\student\desktop\magnet\manipulatemagnatism\manipulatemagnatism\release\time.obj
c:\users\student\desktop\magnet\manipulatemagnatism\manipulatemagnatism\release\texture.obj
c:\users\student\desktop\magnet\manipulatemagnatism\manipulatemagnatism\release\item.obj
c:\users\student\desktop\magnet\manipulatemagnatism\manipulatemagnatism\firstdirectx001.ipdb
c:\users\student\desktop\magnet\manipulatemagnatism\manipulatemagnatism\firstdirectx001.iobj
c:\users\student\desktop\piraner\prinny\piraner\firstdirectx001.exe
c:\users\student\desktop\piraner\prinny\piraner\firstdirectx001.ipdb
c:\users\student\desktop\piraner\prinny\piraner\firstdirectx001.iobj
c:\users\student\desktop\piraner\prinny\piraner\firstdirectx001.pdb
c:\users\student\desktop\magnet\manipulatemagnatism\manipulatemagnatism\firstdirectx001.exe
c:\users\student\desktop\magnet\manipulatemagnatism\manipulatemagnatism\release\firstdirectx001.ipdb
c:\users\student\desktop\magnet\manipulatemagnatism\manipulatemagnatism\release\firstdirectx001.iobj
c:\users\student\desktop\magnet\manipulatemagnatism\manipulatemagnatism\firstdirectx001.pdb
c:\users\student\desktop\magnet\manipulatemagnatism\manipulatemagnatism\release\vc140.pdb
c:\users\student\desktop\magnet\manipulatemagnatism\manipulatemagnatism\release\firstdirectx001.tlog\cl.command.1.tlog
c:\users\student\desktop\magnet\manipulatemagnatism\manipulatemagnatism\release\firstdirectx001.tlog\cl.read.1.tlog
c:\users\student\desktop\magnet\manipulatemagnatism\manipulatemagnatism\release\firstdirectx001.tlog\cl.write.1.tlog
c:\users\student\desktop\magnet\manipulatemagnatism\manipulatemagnatism\release\firstdirectx001.tlog\firstdirectx001.write.1u.tlog
c:\users\student\desktop\magnet\manipulatemagnatism\manipulatemagnatism\release\firstdirectx001.tlog\link.command.1.tlog
c:\users\student\desktop\magnet\manipulatemagnatism\manipulatemagnatism\release\firstdirectx001.tlog\link.read.1.tlog
c:\users\student\desktop\magnet\manipulatemagnatism\manipulatemagnatism\release\firstdirectx001.tlog\link.write.1.tlog
