  boss.cpp
  bossBattle.cpp
  bullet.cpp
  camera.cpp
  debugproc.cpp
  enemy.cpp
  game.cpp
  gamebg.cpp
  input.cpp
  logo.cpp
  magnet.cpp
  manager.cpp
  meshfield.cpp
  objectX.cpp
  pause.cpp
  player.cpp
  ranking.cpp
  result.cpp
  title.cpp
  tutorial.cpp
  コード生成しています。
  0 of 598 functions ( 0.0%) were compiled, the rest were copied from previous compilation.
    0 functions were new in current compilation
    0 functions had inline decision re-evaluated but remain unchanged
  コード生成が終了しました。
  FirstDirectX001.vcxproj -> C:\Users\student\Desktop\magnet\manipulateMagnatism\ManipulateMagnatism\FirstDirectX001.exe
